<?xml version="1.0" encoding="UTF-8"?>
<testng-results ignored="0" total="1" passed="1" failed="0" skipped="0">
  <reporter-output>
  </reporter-output>
  <suite started-at="2022-04-26T14:06:51 IST" name="Default suite" finished-at="2022-04-26T14:06:58 IST" duration-ms="7071">
    <groups>
    </groups>
    <test started-at="2022-04-26T14:06:51 IST" name="Default test" finished-at="2022-04-26T14:06:58 IST" duration-ms="7071">
      <class name="com.saf.tests.HomepageTests">
        <test-method is-config="true" signature="setUp()[pri:0, instance:com.saf.tests.HomepageTests@35cabb2a]" started-at="2022-04-26T14:06:51 IST" name="setUp" finished-at="2022-04-26T14:06:55 IST" duration-ms="4489" status="PASS">
          <reporter-output>
          </reporter-output>
        </test-method> <!-- setUp -->
        <test-method signature="test3()[pri:0, instance:com.saf.tests.HomepageTests@35cabb2a]" started-at="2022-04-26T14:06:55 IST" name="test3" finished-at="2022-04-26T14:06:57 IST" duration-ms="1864" status="PASS">
          <reporter-output>
          </reporter-output>
        </test-method> <!-- test3 -->
        <test-method is-config="true" signature="tearDown()[pri:0, instance:com.saf.tests.HomepageTests@35cabb2a]" started-at="2022-04-26T14:06:57 IST" name="tearDown" finished-at="2022-04-26T14:06:58 IST" duration-ms="695" status="PASS">
          <reporter-output>
          </reporter-output>
        </test-method> <!-- tearDown -->
      </class> <!-- com.saf.tests.HomepageTests -->
    </test> <!-- Default test -->
  </suite> <!-- Default suite -->
</testng-results>
